<?xml version="1.0" encoding="UTF-8"?>
<!-- Generated by org.testng.reporters.JUnitXMLReporter -->
<testsuite ignored="0" hostname="LAPTOP-5LTLQDNP" failures="0" tests="1" name="Test Basics 1" time="0.085" errors="0" timestamp="2020-03-15T23:43:02 IST">
  <testcase classname="seleniumBase.ProjectSpecificMethods" name="@BeforeMethod login" time="-1.58429598277E9">
    <failure type="org.testng.TestNGException" message="
Parameter &amp;apos;url&amp;apos; is required by BeforeMethod on method login but has not been marked @Optional or defined
in D:\GileadFramework\Framwork\TestNG.xml">
      <![CDATA[org.testng.TestNGException: 
Parameter 'url' is required by BeforeMethod on method login but has not been marked @Optional or defined
in D:\GileadFramework\Framwork\TestNG.xml
at java.base/java.util.ArrayList.forEach(ArrayList.java:1540)
... Removed 28 stack frames]]>
    </failure>
  </testcase> <!-- @BeforeMethod login -->
  <testcase classname="seleniumBase.ProjectSpecificMethods" name="@AfterMethod closeBrowser" time="-1.5842959828E9">
    <skipped/>
  </testcase> <!-- @AfterMethod closeBrowser -->
  <testcase classname="testcases.TC001_LoginLogout" name="Loginpage" time="0.0">
    <skipped/>
  </testcase> <!-- Loginpage -->
</testsuite> <!-- Test Basics 1 -->
